<?xml version="1.0" encoding="UTF-8"?>
<!-- Generated by org.testng.reporters.JUnitReportReporter -->
<testsuite skipped="0" hostname="sonalipat" name="com.mercury.Pages.find_a_flight" tests="1" failures="0" timestamp="12 Oct 2017 06:34:59 GMT" time="5.450" errors="0">
  <testcase name="login" time="5.450" classname="com.mercury.Pages.find_a_flight"/>
</testsuite> <!-- com.mercury.Pages.find_a_flight -->
