<?xml version="1.0" encoding="UTF-8"?>
<!-- Generated by org.testng.reporters.JUnitReportReporter -->
<testsuite skipped="0" hostname="sonalipat" name="com.mercury.Utility.Excel" tests="1" failures="0" timestamp="12 Oct 2017 10:23:37 GMT" time="1.638" errors="0">
  <testcase name="ReadExcel" time="1.638" classname="com.mercury.Utility.Excel"/>
</testsuite> <!-- com.mercury.Utility.Excel -->
