<?xml version="1.0" encoding="UTF-8"?>
<!-- Generated by org.testng.reporters.JUnitReportReporter -->
<testsuite skipped="0" hostname="sonalipat" name="com.mercury.TestCases.LoginPage" tests="1" failures="0" timestamp="09 Oct 2017 08:59:42 GMT" time="0.043" errors="1">
  <testcase name="login_mercury" time="0.043" classname="com.mercury.TestCases.LoginPage">
    <error type="java.lang.StackOverflowError">
      <![CDATA[java.lang.StackOverflowError
	at com.mercury.TestCases.LoginPage.login_mercury(LoginPage.java:20)
	at com.mercury.TestCases.LoginPage.login_mercury(LoginPage.java:20)
	at com.mercury.TestCases.LoginPage.login_mercury(LoginPage.java:20)
	at com.mercury.TestCases.LoginPage.login_mercury(LoginPage.java:20)
	at com.mercury.TestCases.LoginPage.login_mercury(LoginPage.java:20)
	at com.mercury.TestCases.LoginPage.login_mercury(LoginPage.java:20)
	at com.mercury.TestCases.LoginPage.login_mercury(LoginPage.java:20)
	at com.mercury.TestCases.LoginPage.login_mercury(LoginPage.java:20)
	at com.mercury.TestCases.LoginPage.login_mercury(LoginPage.java:20)
	at com.mercury.TestCases.LoginPage.login_mercury(LoginPage.java:20)
	at com.mercury.TestCases.LoginPage.login_mercury(LoginPage.java:20)
	at com.mercury.TestCases.LoginPage.login_mercury(LoginPage.java:20)
	at com.mercury.TestCases.LoginPage.login_mercury(LoginPage.java:20)
	at com.mercury.TestCases.LoginPage.login_mercury(LoginPage.java:20)
	at com.mercury.TestCases.LoginPage.login_mercury(LoginPage.java:20)
	at com.mercury.TestCases.LoginPage.login_mercury(LoginPage.java:20)
	at com.mercury.TestCases.LoginPage.login_mercury(LoginPage.java:20)
	at com.mercury.TestCases.LoginPage.login_mercury(LoginPage.java:20)
	at com.mercury.TestCases.LoginPage.login_mercury(LoginPage.java:20)
	at com.mercury.TestCases.LoginPage.login_mercury(LoginPage.java:20)
	at com.mercury.TestCases.LoginPage.login_mercury(LoginPage.java:20)
	at com.mercury.TestCases.LoginPage.login_mercury(LoginPage.java:20)
	at com.mercury.TestCases.LoginPage.login_mercury(LoginPage.java:20)
	at com.mercury.TestCases.LoginPage.login_mercury(LoginPage.java:20)
	at com.mercury.TestCases.LoginPage.login_mercury(LoginPage.java:20)
	at com.mercury.TestCases.LoginPage.login_mercury(LoginPage.java:20)
	at com.mercury.TestCases.LoginPage.login_mercury(LoginPage.java:20)
	at com.mercury.TestCases.LoginPage.login_mercury(LoginPage.java:20)
	at com.mercury.TestCases.LoginPage.login_mercury(LoginPage.java:20)
	at com.mercury.TestCases.LoginPage.login_mercury(LoginPage.java:20)
	at com.mercury.TestCases.LoginPage.login_mercury(LoginPage.java:20)
	at com.mercury.TestCases.LoginPage.login_mercury(LoginPage.java:20)
	at com.mercury.TestCases.LoginPage.login_mercury(LoginPage.java:20)
	at com.mercury.TestCases.LoginPage.login_mercury(LoginPage.java:20)
	at com.mercury.TestCases.LoginPage.login_mercury(LoginPage.java:20)
	at com.mercury.TestCases.LoginPage.login_mercury(LoginPage.java:20)
	at com.mercury.TestCases.LoginPage.login_mercury(LoginPage.java:20)
	at com.mercury.TestCases.LoginPage.login_mercury(LoginPage.java:20)
	at com.mercury.TestCases.LoginPage.login_mercury(LoginPage.java:20)
	at com.mercury.TestCases.LoginPage.login_mercury(LoginPage.java:20)
	at com.mercury.TestCases.LoginPage.login_mercury(LoginPage.java:20)
	at com.mercury.TestCases.LoginPage.login_mercury(LoginPage.java:20)
	at com.mercury.TestCases.LoginPage.login_mercury(LoginPage.java:20)
	at com.mercury.TestCases.LoginPage.login_mercury(LoginPage.java:20)
	at com.mercury.TestCases.LoginPage.login_mercury(LoginPage.java:20)
	at com.mercury.TestCases.LoginPage.login_mercury(LoginPage.java:20)
	at com.mercury.TestCases.LoginPage.login_mercury(LoginPage.java:20)
	at com.mercury.TestCases.LoginPage.login_mercury(LoginPage.java:20)
	at com.mercury.TestCases.LoginPage.login_mercury(LoginPage.java:20)
	at com.mercury.TestCases.LoginPage.login_mercury(LoginPage.java:20)
	at com.mercury.TestCases.LoginPage.login_mercury(LoginPage.java:20)
	at com.mercury.TestCases.LoginPage.login_mercury(LoginPage.java:20)
	at com.mercury.TestCases.LoginPage.login_mercury(LoginPage.java:20)
	at com.mercury.TestCases.LoginPage.login_mercury(LoginPage.java:20)
	at com.mercury.TestCases.LoginPage.login_mercury(LoginPage.java:20)
	at com.mercury.TestCases.LoginPage.login_mercury(LoginPage.java:20)
	at com.mercury.TestCases.LoginPage.login_mercury(LoginPage.java:20)
	at com.mercury.TestCases.LoginPage.login_mercury(LoginPage.java:20)
	at com.mercury.TestCases.LoginPage.login_mercury(LoginPage.java:20)
	at com.mercury.TestCases.LoginPage.login_mercury(LoginPage.java:20)
	at com.mercury.TestCases.LoginPage.login_mercury(LoginPage.java:20)
	at com.mercury.TestCases.LoginPage.login_mercury(LoginPage.java:20)
	at com.mercury.TestCases.LoginPage.login_mercury(LoginPage.java:20)
	at com.mercury.TestCases.LoginPage.login_mercury(LoginPage.java:20)
	at com.mercury.TestCases.LoginPage.login_mercury(LoginPage.java:20)
	at com.mercury.TestCases.LoginPage.login_mercury(LoginPage.java:20)
	at com.mercury.TestCases.LoginPage.login_mercury(LoginPage.java:20)
	at com.mercury.TestCases.LoginPage.login_mercury(LoginPage.java:20)
	at com.mercury.TestCases.LoginPage.login_mercury(LoginPage.java:20)
	at com.mercury.TestCases.LoginPage.login_mercury(LoginPage.java:20)
	at com.mercury.TestCases.LoginPage.login_mercury(LoginPage.java:20)
	at com.mercury.TestCases.LoginPage.login_mercury(LoginPage.java:20)
	at com.mercury.TestCases.LoginPage.login_mercury(LoginPage.java:20)
	at com.mercury.TestCases.LoginPage.login_mercury(LoginPage.java:20)
	at com.mercury.TestCases.LoginPage.login_mercury(LoginPage.java:20)
	at com.mercury.TestCases.LoginPage.login_mercury(LoginPage.java:20)
	at com.mercury.TestCases.LoginPage.login_mercury(LoginPage.java:20)
	at com.mercury.TestCases.LoginPage.login_mercury(LoginPage.java:20)
	at com.mercury.TestCases.LoginPage.login_mercury(LoginPage.java:20)
	at com.mercury.TestCases.LoginPage.login_mercury(LoginPage.java:20)
	at com.mercury.TestCases.LoginPage.login_mercury(LoginPage.java:20)
	at com.mercury.TestCases.LoginPage.login_mercury(LoginPage.java:20)
	at com.mercury.TestCases.LoginPage.login_mercury(LoginPage.java:20)
	at com.mercury.TestCases.LoginPage.login_mercury(LoginPage.java:20)
	at com.mercury.TestCases.LoginPage.login_mercury(LoginPage.java:20)
	at com.mercury.TestCases.LoginPage.login_mercury(LoginPage.java:20)
	at com.mercury.TestCases.LoginPage.login_mercury(LoginPage.java:20)
	at com.mercury.TestCases.LoginPage.login_mercury(LoginPage.java:20)
	at com.mercury.TestCases.LoginPage.login_mercury(LoginPage.java:20)
	at com.mercury.TestCases.LoginPage.login_mercury(LoginPage.java:20)
	at com.mercury.TestCases.LoginPage.login_mercury(LoginPage.java:20)
	at com.mercury.TestCases.LoginPage.login_mercury(LoginPage.java:20)
	at com.mercury.TestCases.LoginPage.login_mercury(LoginPage.java:20)
	at com.mercury.TestCases.LoginPage.login_mercury(LoginPage.java:20)
	at com.mercury.TestCases.LoginPage.login_mercury(LoginPage.java:20)
	at com.mercury.TestCases.LoginPage.login_mercury(LoginPage.java:20)
	at com.mercury.TestCases.LoginPage.login_mercury(LoginPage.java:20)
	at com.mercury.TestCases.LoginPage.login_mercury(LoginPage.java:20)
	at com.mercury.TestCases.LoginPage.login_mercury(LoginPage.java:20)
	at com.mercury.TestCases.LoginPage.login_mercury(LoginPage.java:20)
	at com.mercury.TestCases.LoginPage.login_mercury(LoginPage.java:20)
	at com.mercury.TestCases.LoginPage.login_mercury(LoginPage.java:20)
	at com.mercury.TestCases.LoginPage.login_mercury(LoginPage.java:20)
	at com.mercury.TestCases.LoginPage.login_mercury(LoginPage.java:20)
	at com.mercury.TestCases.LoginPage.login_mercury(LoginPage.java:20)
	at com.mercury.TestCases.LoginPage.login_mercury(LoginPage.java:20)
	at com.mercury.TestCases.LoginPage.login_mercury(LoginPage.java:20)
	at com.mercury.TestCases.LoginPage.login_mercury(LoginPage.java:20)
	at com.mercury.TestCases.LoginPage.login_mercury(LoginPage.java:20)
	at com.mercury.TestCases.LoginPage.login_mercury(LoginPage.java:20)
	at com.mercury.TestCases.LoginPage.login_mercury(LoginPage.java:20)
	at com.mercury.TestCases.LoginPage.login_mercury(LoginPage.java:20)
	at com.mercury.TestCases.LoginPage.login_mercury(LoginPage.java:20)
	at com.mercury.TestCases.LoginPage.login_mercury(LoginPage.java:20)
	at com.mercury.TestCases.LoginPage.login_mercury(LoginPage.java:20)
	at com.mercury.TestCases.LoginPage.login_mercury(LoginPage.java:20)
	at com.mercury.TestCases.LoginPage.login_mercury(LoginPage.java:20)
	at com.mercury.TestCases.LoginPage.login_mercury(LoginPage.java:20)
	at com.mercury.TestCases.LoginPage.login_mercury(LoginPage.java:20)
	at com.mercury.TestCases.LoginPage.login_mercury(LoginPage.java:20)
	at com.mercury.TestCases.LoginPage.login_mercury(LoginPage.java:20)
	at com.mercury.TestCases.LoginPage.login_mercury(LoginPage.java:20)
	at com.mercury.TestCases.LoginPage.login_mercury(LoginPage.java:20)
	at com.mercury.TestCases.LoginPage.login_mercury(LoginPage.java:20)
	at com.mercury.TestCases.LoginPage.login_mercury(LoginPage.java:20)
	at com.mercury.TestCases.LoginPage.login_mercury(LoginPage.java:20)
	at com.mercury.TestCases.LoginPage.login_mercury(LoginPage.java:20)
	at com.mercury.TestCases.LoginPage.login_mercury(LoginPage.java:20)
	at com.mercury.TestCases.LoginPage.login_mercury(LoginPage.java:20)
	at com.mercury.TestCases.LoginPage.login_mercury(LoginPage.java:20)
	at com.mercury.TestCases.LoginPage.login_mercury(LoginPage.java:20)
	at com.mercury.TestCases.LoginPage.login_mercury(LoginPage.java:20)
	at com.mercury.TestCases.LoginPage.login_mercury(LoginPage.java:20)
	at com.mercury.TestCases.LoginPage.login_mercury(LoginPage.java:20)
	at com.mercury.TestCases.LoginPage.login_mercury(LoginPage.java:20)
	at com.mercury.TestCases.LoginPage.login_mercury(LoginPage.java:20)
	at com.mercury.TestCases.LoginPage.login_mercury(LoginPage.java:20)
	at com.mercury.TestCases.LoginPage.login_mercury(LoginPage.java:20)
	at com.mercury.TestCases.LoginPage.login_mercury(LoginPage.java:20)
	at com.mercury.TestCases.LoginPage.login_mercury(LoginPage.java:20)
	at com.mercury.TestCases.LoginPage.login_mercury(LoginPage.java:20)
	at com.mercury.TestCases.LoginPage.login_mercury(LoginPage.java:20)
	at com.mercury.TestCases.LoginPage.login_mercury(LoginPage.java:20)
	at com.mercury.TestCases.LoginPage.login_mercury(LoginPage.java:20)
	at com.mercury.TestCases.LoginPage.login_mercury(LoginPage.java:20)
	at com.mercury.TestCases.LoginPage.login_mercury(LoginPage.java:20)
	at com.mercury.TestCases.LoginPage.login_mercury(LoginPage.java:20)
	at com.mercury.TestCases.LoginPage.login_mercury(LoginPage.java:20)
	at com.mercury.TestCases.LoginPage.login_mercury(LoginPage.java:20)
	at com.mercury.TestCases.LoginPage.login_mercury(LoginPage.java:20)
	at com.mercury.TestCases.LoginPage.login_mercury(LoginPage.java:20)
	at com.mercury.TestCases.LoginPage.login_mercury(LoginPage.java:20)
	at com.mercury.TestCases.LoginPage.login_mercury(LoginPage.java:20)
	at com.mercury.TestCases.LoginPage.login_mercury(LoginPage.java:20)
	at com.mercury.TestCases.LoginPage.login_mercury(LoginPage.java:20)
	at com.mercury.TestCases.LoginPage.login_mercury(LoginPage.java:20)
	at com.mercury.TestCases.LoginPage.login_mercury(LoginPage.java:20)
	at com.mercury.TestCases.LoginPage.login_mercury(LoginPage.java:20)
	at com.mercury.TestCases.LoginPage.login_mercury(LoginPage.java:20)
	at com.mercury.TestCases.LoginPage.login_mercury(LoginPage.java:20)
	at com.mercury.TestCases.LoginPage.login_mercury(LoginPage.java:20)
	at com.mercury.TestCases.LoginPage.login_mercury(LoginPage.java:20)
	at com.mercury.TestCases.LoginPage.login_mercury(LoginPage.java:20)
	at com.mercury.TestCases.LoginPage.login_mercury(LoginPage.java:20)
	at com.mercury.TestCases.LoginPage.login_mercury(LoginPage.java:20)
	at com.mercury.TestCases.LoginPage.login_mercury(LoginPage.java:20)
	at com.mercury.TestCases.LoginPage.login_mercury(LoginPage.java:20)
	at com.mercury.TestCases.LoginPage.login_mercury(LoginPage.java:20)
	at com.mercury.TestCases.LoginPage.login_mercury(LoginPage.java:20)
	at com.mercury.TestCases.LoginPage.login_mercury(LoginPage.java:20)
	at com.mercury.TestCases.LoginPage.login_mercury(LoginPage.java:20)
	at com.mercury.TestCases.LoginPage.login_mercury(LoginPage.java:20)
	at com.mercury.TestCases.LoginPage.login_mercury(LoginPage.java:20)
	at com.mercury.TestCases.LoginPage.login_mercury(LoginPage.java:20)
	at com.mercury.TestCases.LoginPage.login_mercury(LoginPage.java:20)
	at com.mercury.TestCases.LoginPage.login_mercury(LoginPage.java:20)
	at com.mercury.TestCases.LoginPage.login_mercury(LoginPage.java:20)
	at com.mercury.TestCases.LoginPage.login_mercury(LoginPage.java:20)
	at com.mercury.TestCases.LoginPage.login_mercury(LoginPage.java:20)
	at com.mercury.TestCases.LoginPage.login_mercury(LoginPage.java:20)
	at com.mercury.TestCases.LoginPage.login_mercury(LoginPage.java:20)
	at com.mercury.TestCases.LoginPage.login_mercury(LoginPage.java:20)
	at com.mercury.TestCases.LoginPage.login_mercury(LoginPage.java:20)
	at com.mercury.TestCases.LoginPage.login_mercury(LoginPage.java:20)
	at com.mercury.TestCases.LoginPage.login_mercury(LoginPage.java:20)
	at com.mercury.TestCases.LoginPage.login_mercury(LoginPage.java:20)
	at com.mercury.TestCases.LoginPage.login_mercury(LoginPage.java:20)
	at com.mercury.TestCases.LoginPage.login_mercury(LoginPage.java:20)
	at com.mercury.TestCases.LoginPage.login_mercury(LoginPage.java:20)
	at com.mercury.TestCases.LoginPage.login_mercury(LoginPage.java:20)
	at com.mercury.TestCases.LoginPage.login_mercury(LoginPage.java:20)
	at com.mercury.TestCases.LoginPage.login_mercury(LoginPage.java:20)
	at com.mercury.TestCases.LoginPage.login_mercury(LoginPage.java:20)
	at com.mercury.TestCases.LoginPage.login_mercury(LoginPage.java:20)
	at com.mercury.TestCases.LoginPage.login_mercury(LoginPage.java:20)
	at com.mercury.TestCases.LoginPage.login_mercury(LoginPage.java:20)
	at com.mercury.TestCases.LoginPage.login_mercury(LoginPage.java:20)
	at com.mercury.TestCases.LoginPage.login_mercury(LoginPage.java:20)
	at com.mercury.TestCases.LoginPage.login_mercury(LoginPage.java:20)
	at com.mercury.TestCases.LoginPage.login_mercury(LoginPage.java:20)
	at com.mercury.TestCases.LoginPage.login_mercury(LoginPage.java:20)
	at com.mercury.TestCases.LoginPage.login_mercury(LoginPage.java:20)
	at com.mercury.TestCases.LoginPage.login_mercury(LoginPage.java:20)
	at com.mercury.TestCases.LoginPage.login_mercury(LoginPage.java:20)
	at com.mercury.TestCases.LoginPage.login_mercury(LoginPage.java:20)
	at com.mercury.TestCases.LoginPage.login_mercury(LoginPage.java:20)
	at com.mercury.TestCases.LoginPage.login_mercury(LoginPage.java:20)
	at com.mercury.TestCases.LoginPage.login_mercury(LoginPage.java:20)
	at com.mercury.TestCases.LoginPage.login_mercury(LoginPage.java:20)
	at com.mercury.TestCases.LoginPage.login_mercury(LoginPage.java:20)
	at com.mercury.TestCases.LoginPage.login_mercury(LoginPage.java:20)
	at com.mercury.TestCases.LoginPage.login_mercury(LoginPage.java:20)
	at com.mercury.TestCases.LoginPage.login_mercury(LoginPage.java:20)
	at com.mercury.TestCases.LoginPage.login_mercury(LoginPage.java:20)
	at com.mercury.TestCases.LoginPage.login_mercury(LoginPage.java:20)
	at com.mercury.TestCases.LoginPage.login_mercury(LoginPage.java:20)
	at com.mercury.TestCases.LoginPage.login_mercury(LoginPage.java:20)
	at com.mercury.TestCases.LoginPage.login_mercury(LoginPage.java:20)
	at com.mercury.TestCases.LoginPage.login_mercury(LoginPage.java:20)
	at com.mercury.TestCases.LoginPage.login_mercury(LoginPage.java:20)
	at com.mercury.TestCases.LoginPage.login_mercury(LoginPage.java:20)
	at com.mercury.TestCases.LoginPage.login_mercury(LoginPage.java:20)
	at com.mercury.TestCases.LoginPage.login_mercury(LoginPage.java:20)
	at com.mercury.TestCases.LoginPage.login_mercury(LoginPage.java:20)
	at com.mercury.TestCases.LoginPage.login_mercury(LoginPage.java:20)
	at com.mercury.TestCases.LoginPage.login_mercury(LoginPage.java:20)
	at com.mercury.TestCases.LoginPage.login_mercury(LoginPage.java:20)
	at com.mercury.TestCases.LoginPage.login_mercury(LoginPage.java:20)
	at com.mercury.TestCases.LoginPage.login_mercury(LoginPage.java:20)
	at com.mercury.TestCases.LoginPage.login_mercury(LoginPage.java:20)
	at com.mercury.TestCases.LoginPage.login_mercury(LoginPage.java:20)
	at com.mercury.TestCases.LoginPage.login_mercury(LoginPage.java:20)
	at com.mercury.TestCases.LoginPage.login_mercury(LoginPage.java:20)
	at com.mercury.TestCases.LoginPage.login_mercury(LoginPage.java:20)
	at com.mercury.TestCases.LoginPage.login_mercury(LoginPage.java:20)
	at com.mercury.TestCases.LoginPage.login_mercury(LoginPage.java:20)
	at com.mercury.TestCases.LoginPage.login_mercury(LoginPage.java:20)
	at com.mercury.TestCases.LoginPage.login_mercury(LoginPage.java:20)
	at com.mercury.TestCases.LoginPage.login_mercury(LoginPage.java:20)
	at com.mercury.TestCases.LoginPage.login_mercury(LoginPage.java:20)
	at com.mercury.TestCases.LoginPage.login_mercury(LoginPage.java:20)
	at com.mercury.TestCases.LoginPage.login_mercury(LoginPage.java:20)
	at com.mercury.TestCases.LoginPage.login_mercury(LoginPage.java:20)
	at com.mercury.TestCases.LoginPage.login_mercury(LoginPage.java:20)
	at com.mercury.TestCases.LoginPage.login_mercury(LoginPage.java:20)
	at com.mercury.TestCases.LoginPage.login_mercury(LoginPage.java:20)
	at com.mercury.TestCases.LoginPage.login_mercury(LoginPage.java:20)
	at com.mercury.TestCases.LoginPage.login_mercury(LoginPage.java:20)
	at com.mercury.TestCases.LoginPage.login_mercury(LoginPage.java:20)
	at com.mercury.TestCases.LoginPage.login_mercury(LoginPage.java:20)
	at com.mercury.TestCases.LoginPage.login_mercury(LoginPage.java:20)
	at com.mercury.TestCases.LoginPage.login_mercury(LoginPage.java:20)
	at com.mercury.TestCases.LoginPage.login_mercury(LoginPage.java:20)
	at com.mercury.TestCases.LoginPage.login_mercury(LoginPage.java:20)
	at com.mercury.TestCases.LoginPage.login_mercury(LoginPage.java:20)
	at com.mercury.TestCases.LoginPage.login_mercury(LoginPage.java:20)
	at com.mercury.TestCases.LoginPage.login_mercury(LoginPage.java:20)
	at com.mercury.TestCases.LoginPage.login_mercury(LoginPage.java:20)
	at com.mercury.TestCases.LoginPage.login_mercury(LoginPage.java:20)
	at com.mercury.TestCases.LoginPage.login_mercury(LoginPage.java:20)
	at com.mercury.TestCases.LoginPage.login_mercury(LoginPage.java:20)
	at com.mercury.TestCases.LoginPage.login_mercury(LoginPage.java:20)
	at com.mercury.TestCases.LoginPage.login_mercury(LoginPage.java:20)
	at com.mercury.TestCases.LoginPage.login_mercury(LoginPage.java:20)
	at com.mercury.TestCases.LoginPage.login_mercury(LoginPage.java:20)
	at com.mercury.TestCases.LoginPage.login_mercury(LoginPage.java:20)
	at com.mercury.TestCases.LoginPage.login_mercury(LoginPage.java:20)
	at com.mercury.TestCases.LoginPage.login_mercury(LoginPage.java:20)
	at com.mercury.TestCases.LoginPage.login_mercury(LoginPage.java:20)
	at com.mercury.TestCases.LoginPage.login_mercury(LoginPage.java:20)
	at com.mercury.TestCases.LoginPage.login_mercury(LoginPage.java:20)
	at com.mercury.TestCases.LoginPage.login_mercury(LoginPage.java:20)
	at com.mercury.TestCases.LoginPage.login_mercury(LoginPage.java:20)
	at com.mercury.TestCases.LoginPage.login_mercury(LoginPage.java:20)
	at com.mercury.TestCases.LoginPage.login_mercury(LoginPage.java:20)
	at com.mercury.TestCases.LoginPage.login_mercury(LoginPage.java:20)
	at com.mercury.TestCases.LoginPage.login_mercury(LoginPage.java:20)
	at com.mercury.TestCases.LoginPage.login_mercury(LoginPage.java:20)
	at com.mercury.TestCases.LoginPage.login_mercury(LoginPage.java:20)
	at com.mercury.TestCases.LoginPage.login_mercury(LoginPage.java:20)
	at com.mercury.TestCases.LoginPage.login_mercury(LoginPage.java:20)
	at com.mercury.TestCases.LoginPage.login_mercury(LoginPage.java:20)
	at com.mercury.TestCases.LoginPage.login_mercury(LoginPage.java:20)
	at com.mercury.TestCases.LoginPage.login_mercury(LoginPage.java:20)
	at com.mercury.TestCases.LoginPage.login_mercury(LoginPage.java:20)
	at com.mercury.TestCases.LoginPage.login_mercury(LoginPage.java:20)
	at com.mercury.TestCases.LoginPage.login_mercury(LoginPage.java:20)
	at com.mercury.TestCases.LoginPage.login_mercury(LoginPage.java:20)
	at com.mercury.TestCases.LoginPage.login_mercury(LoginPage.java:20)
	at com.mercury.TestCases.LoginPage.login_mercury(LoginPage.java:20)
	at com.mercury.TestCases.LoginPage.login_mercury(LoginPage.java:20)
	at com.mercury.TestCases.LoginPage.login_mercury(LoginPage.java:20)
	at com.mercury.TestCases.LoginPage.login_mercury(LoginPage.java:20)
	at com.mercury.TestCases.LoginPage.login_mercury(LoginPage.java:20)
	at com.mercury.TestCases.LoginPage.login_mercury(LoginPage.java:20)
	at com.mercury.TestCases.LoginPage.login_mercury(LoginPage.java:20)
	at com.mercury.TestCases.LoginPage.login_mercury(LoginPage.java:20)
	at com.mercury.TestCases.LoginPage.login_mercury(LoginPage.java:20)
	at com.mercury.TestCases.LoginPage.login_mercury(LoginPage.java:20)
	at com.mercury.TestCases.LoginPage.login_mercury(LoginPage.java:20)
	at com.mercury.TestCases.LoginPage.login_mercury(LoginPage.java:20)
	at com.mercury.TestCases.LoginPage.login_mercury(LoginPage.java:20)
	at com.mercury.TestCases.LoginPage.login_mercury(LoginPage.java:20)
	at com.mercury.TestCases.LoginPage.login_mercury(LoginPage.java:20)
	at com.mercury.TestCases.LoginPage.login_mercury(LoginPage.java:20)
	at com.mercury.TestCases.LoginPage.login_mercury(LoginPage.java:20)
	at com.mercury.TestCases.LoginPage.login_mercury(LoginPage.java:20)
	at com.mercury.TestCases.LoginPage.login_mercury(LoginPage.java:20)
	at com.mercury.TestCases.LoginPage.login_mercury(LoginPage.java:20)
	at com.mercury.TestCases.LoginPage.login_mercury(LoginPage.java:20)
	at com.mercury.TestCases.LoginPage.login_mercury(LoginPage.java:20)
	at com.mercury.TestCases.LoginPage.login_mercury(LoginPage.java:20)
	at com.mercury.TestCases.LoginPage.login_mercury(LoginPage.java:20)
	at com.mercury.TestCases.LoginPage.login_mercury(LoginPage.java:20)
	at com.mercury.TestCases.LoginPage.login_mercury(LoginPage.java:20)
	at com.mercury.TestCases.LoginPage.login_mercury(LoginPage.java:20)
	at com.mercury.TestCases.LoginPage.login_mercury(LoginPage.java:20)
	at com.mercury.TestCases.LoginPage.login_mercury(LoginPage.java:20)
	at com.mercury.TestCases.LoginPage.login_mercury(LoginPage.java:20)
	at com.mercury.TestCases.LoginPage.login_mercury(LoginPage.java:20)
	at com.mercury.TestCases.LoginPage.login_mercury(LoginPage.java:20)
	at com.mercury.TestCases.LoginPage.login_mercury(LoginPage.java:20)
	at com.mercury.TestCases.LoginPage.login_mercury(LoginPage.java:20)
	at com.mercury.TestCases.LoginPage.login_mercury(LoginPage.java:20)
	at com.mercury.TestCases.LoginPage.login_mercury(LoginPage.java:20)
	at com.mercury.TestCases.LoginPage.login_mercury(LoginPage.java:20)
	at com.mercury.TestCases.LoginPage.login_mercury(LoginPage.java:20)
	at com.mercury.TestCases.LoginPage.login_mercury(LoginPage.java:20)
	at com.mercury.TestCases.LoginPage.login_mercury(LoginPage.java:20)
	at com.mercury.TestCases.LoginPage.login_mercury(LoginPage.java:20)
	at com.mercury.TestCases.LoginPage.login_mercury(LoginPage.java:20)
	at com.mercury.TestCases.LoginPage.login_mercury(LoginPage.java:20)
	at com.mercury.TestCases.LoginPage.login_mercury(LoginPage.java:20)
	at com.mercury.TestCases.LoginPage.login_mercury(LoginPage.java:20)
	at com.mercury.TestCases.LoginPage.login_mercury(LoginPage.java:20)
	at com.mercury.TestCases.LoginPage.login_mercury(LoginPage.java:20)
	at com.mercury.TestCases.LoginPage.login_mercury(LoginPage.java:20)
	at com.mercury.TestCases.LoginPage.login_mercury(LoginPage.java:20)
	at com.mercury.TestCases.LoginPage.login_mercury(LoginPage.java:20)
	at com.mercury.TestCases.LoginPage.login_mercury(LoginPage.java:20)
	at com.mercury.TestCases.LoginPage.login_mercury(LoginPage.java:20)
	at com.mercury.TestCases.LoginPage.login_mercury(LoginPage.java:20)
	at com.mercury.TestCases.LoginPage.login_mercury(LoginPage.java:20)
	at com.mercury.TestCases.LoginPage.login_mercury(LoginPage.java:20)
	at com.mercury.TestCases.LoginPage.login_mercury(LoginPage.java:20)
	at com.mercury.TestCases.LoginPage.login_mercury(LoginPage.java:20)
	at com.mercury.TestCases.LoginPage.login_mercury(LoginPage.java:20)
	at com.mercury.TestCases.LoginPage.login_mercury(LoginPage.java:20)
	at com.mercury.TestCases.LoginPage.login_mercury(LoginPage.java:20)
	at com.mercury.TestCases.LoginPage.login_mercury(LoginPage.java:20)
	at com.mercury.TestCases.LoginPage.login_mercury(LoginPage.java:20)
	at com.mercury.TestCases.LoginPage.login_mercury(LoginPage.java:20)
	at com.mercury.TestCases.LoginPage.login_mercury(LoginPage.java:20)
	at com.mercury.TestCases.LoginPage.login_mercury(LoginPage.java:20)
	at com.mercury.TestCases.LoginPage.login_mercury(LoginPage.java:20)
	at com.mercury.TestCases.LoginPage.login_mercury(LoginPage.java:20)
	at com.mercury.TestCases.LoginPage.login_mercury(LoginPage.java:20)
	at com.mercury.TestCases.LoginPage.login_mercury(LoginPage.java:20)
	at com.mercury.TestCases.LoginPage.login_mercury(LoginPage.java:20)
	at com.mercury.TestCases.LoginPage.login_mercury(LoginPage.java:20)
	at com.mercury.TestCases.LoginPage.login_mercury(LoginPage.java:20)
	at com.mercury.TestCases.LoginPage.login_mercury(LoginPage.java:20)
	at com.mercury.TestCases.LoginPage.login_mercury(LoginPage.java:20)
	at com.mercury.TestCases.LoginPage.login_mercury(LoginPage.java:20)
	at com.mercury.TestCases.LoginPage.login_mercury(LoginPage.java:20)
	at com.mercury.TestCases.LoginPage.login_mercury(LoginPage.java:20)
	at com.mercury.TestCases.LoginPage.login_mercury(LoginPage.java:20)
	at com.mercury.TestCases.LoginPage.login_mercury(LoginPage.java:20)
	at com.mercury.TestCases.LoginPage.login_mercury(LoginPage.java:20)
	at com.mercury.TestCases.LoginPage.login_mercury(LoginPage.java:20)
	at com.mercury.TestCases.LoginPage.login_mercury(LoginPage.java:20)
	at com.mercury.TestCases.LoginPage.login_mercury(LoginPage.java:20)
	at com.mercury.TestCases.LoginPage.login_mercury(LoginPage.java:20)
	at com.mercury.TestCases.LoginPage.login_mercury(LoginPage.java:20)
	at com.mercury.TestCases.LoginPage.login_mercury(LoginPage.java:20)
	at com.mercury.TestCases.LoginPage.login_mercury(LoginPage.java:20)
	at com.mercury.TestCases.LoginPage.login_mercury(LoginPage.java:20)
	at com.mercury.TestCases.LoginPage.login_mercury(LoginPage.java:20)
	at com.mercury.TestCases.LoginPage.login_mercury(LoginPage.java:20)
	at com.mercury.TestCases.LoginPage.login_mercury(LoginPage.java:20)
	at com.mercury.TestCases.LoginPage.login_mercury(LoginPage.java:20)
	at com.mercury.TestCases.LoginPage.login_mercury(LoginPage.java:20)
	at com.mercury.TestCases.LoginPage.login_mercury(LoginPage.java:20)
	at com.mercury.TestCases.LoginPage.login_mercury(LoginPage.java:20)
	at com.mercury.TestCases.LoginPage.login_mercury(LoginPage.java:20)
	at com.mercury.TestCases.LoginPage.login_mercury(LoginPage.java:20)
	at com.mercury.TestCases.LoginPage.login_mercury(LoginPage.java:20)
	at com.mercury.TestCases.LoginPage.login_mercury(LoginPage.java:20)
	at com.mercury.TestCases.LoginPage.login_mercury(LoginPage.java:20)
	at com.mercury.TestCases.LoginPage.login_mercury(LoginPage.java:20)
	at com.mercury.TestCases.LoginPage.login_mercury(LoginPage.java:20)
	at com.mercury.TestCases.LoginPage.login_mercury(LoginPage.java:20)
	at com.mercury.TestCases.LoginPage.login_mercury(LoginPage.java:20)
	at com.mercury.TestCases.LoginPage.login_mercury(LoginPage.java:20)
	at com.mercury.TestCases.LoginPage.login_mercury(LoginPage.java:20)
	at com.mercury.TestCases.LoginPage.login_mercury(LoginPage.java:20)
	at com.mercury.TestCases.LoginPage.login_mercury(LoginPage.java:20)
	at com.mercury.TestCases.LoginPage.login_mercury(LoginPage.java:20)
	at com.mercury.TestCases.LoginPage.login_mercury(LoginPage.java:20)
	at com.mercury.TestCases.LoginPage.login_mercury(LoginPage.java:20)
	at com.mercury.TestCases.LoginPage.login_mercury(LoginPage.java:20)
	at com.mercury.TestCases.LoginPage.login_mercury(LoginPage.java:20)
	at com.mercury.TestCases.LoginPage.login_mercury(LoginPage.java:20)
	at com.mercury.TestCases.LoginPage.login_mercury(LoginPage.java:20)
	at com.mercury.TestCases.LoginPage.login_mercury(LoginPage.java:20)
	at com.mercury.TestCases.LoginPage.login_mercury(LoginPage.java:20)
	at com.mercury.TestCases.LoginPage.login_mercury(LoginPage.java:20)
	at com.mercury.TestCases.LoginPage.login_mercury(LoginPage.java:20)
	at com.mercury.TestCases.LoginPage.login_mercury(LoginPage.java:20)
	at com.mercury.TestCases.LoginPage.login_mercury(LoginPage.java:20)
	at com.mercury.TestCases.LoginPage.login_mercury(LoginPage.java:20)
	at com.mercury.TestCases.LoginPage.login_mercury(LoginPage.java:20)
	at com.mercury.TestCases.LoginPage.login_mercury(LoginPage.java:20)
	at com.mercury.TestCases.LoginPage.login_mercury(LoginPage.java:20)
	at com.mercury.TestCases.LoginPage.login_mercury(LoginPage.java:20)
	at com.mercury.TestCases.LoginPage.login_mercury(LoginPage.java:20)
	at com.mercury.TestCases.LoginPage.login_mercury(LoginPage.java:20)
	at com.mercury.TestCases.LoginPage.login_mercury(LoginPage.java:20)
	at com.mercury.TestCases.LoginPage.login_mercury(LoginPage.java:20)
	at com.mercury.TestCases.LoginPage.login_mercury(LoginPage.java:20)
	at com.mercury.TestCases.LoginPage.login_mercury(LoginPage.java:20)
	at com.mercury.TestCases.LoginPage.login_mercury(LoginPage.java:20)
	at com.mercury.TestCases.LoginPage.login_mercury(LoginPage.java:20)
	at com.mercury.TestCases.LoginPage.login_mercury(LoginPage.java:20)
	at com.mercury.TestCases.LoginPage.login_mercury(LoginPage.java:20)
	at com.mercury.TestCases.LoginPage.login_mercury(LoginPage.java:20)
	at com.mercury.TestCases.LoginPage.login_mercury(LoginPage.java:20)
	at com.mercury.TestCases.LoginPage.login_mercury(LoginPage.java:20)
	at com.mercury.TestCases.LoginPage.login_mercury(LoginPage.java:20)
	at com.mercury.TestCases.LoginPage.login_mercury(LoginPage.java:20)
	at com.mercury.TestCases.LoginPage.login_mercury(LoginPage.java:20)
	at com.mercury.TestCases.LoginPage.login_mercury(LoginPage.java:20)
	at com.mercury.TestCases.LoginPage.login_mercury(LoginPage.java:20)
	at com.mercury.TestCases.LoginPage.login_mercury(LoginPage.java:20)
	at com.mercury.TestCases.LoginPage.login_mercury(LoginPage.java:20)
	at com.mercury.TestCases.LoginPage.login_mercury(LoginPage.java:20)
	at com.mercury.TestCases.LoginPage.login_mercury(LoginPage.java:20)
	at com.mercury.TestCases.LoginPage.login_mercury(LoginPage.java:20)
	at com.mercury.TestCases.LoginPage.login_mercury(LoginPage.java:20)
	at com.mercury.TestCases.LoginPage.login_mercury(LoginPage.java:20)
	at com.mercury.TestCases.LoginPage.login_mercury(LoginPage.java:20)
	at com.mercury.TestCases.LoginPage.login_mercury(LoginPage.java:20)
	at com.mercury.TestCases.LoginPage.login_mercury(LoginPage.java:20)
	at com.mercury.TestCases.LoginPage.login_mercury(LoginPage.java:20)
	at com.mercury.TestCases.LoginPage.login_mercury(LoginPage.java:20)
	at com.mercury.TestCases.LoginPage.login_mercury(LoginPage.java:20)
	at com.mercury.TestCases.LoginPage.login_mercury(LoginPage.java:20)
	at com.mercury.TestCases.LoginPage.login_mercury(LoginPage.java:20)
	at com.mercury.TestCases.LoginPage.login_mercury(LoginPage.java:20)
	at com.mercury.TestCases.LoginPage.login_mercury(LoginPage.java:20)
	at com.mercury.TestCases.LoginPage.login_mercury(LoginPage.java:20)
	at com.mercury.TestCases.LoginPage.login_mercury(LoginPage.java:20)
	at com.mercury.TestCases.LoginPage.login_mercury(LoginPage.java:20)
	at com.mercury.TestCases.LoginPage.login_mercury(LoginPage.java:20)
	at com.mercury.TestCases.LoginPage.login_mercury(LoginPage.java:20)
	at com.mercury.TestCases.LoginPage.login_mercury(LoginPage.java:20)
	at com.mercury.TestCases.LoginPage.login_mercury(LoginPage.java:20)
	at com.mercury.TestCases.LoginPage.login_mercury(LoginPage.java:20)
	at com.mercury.TestCases.LoginPage.login_mercury(LoginPage.java:20)
	at com.mercury.TestCases.LoginPage.login_mercury(LoginPage.java:20)
	at com.mercury.TestCases.LoginPage.login_mercury(LoginPage.java:20)
	at com.mercury.TestCases.LoginPage.login_mercury(LoginPage.java:20)
	at com.mercury.TestCases.LoginPage.login_mercury(LoginPage.java:20)
	at com.mercury.TestCases.LoginPage.login_mercury(LoginPage.java:20)
	at com.mercury.TestCases.LoginPage.login_mercury(LoginPage.java:20)
	at com.mercury.TestCases.LoginPage.login_mercury(LoginPage.java:20)
	at com.mercury.TestCases.LoginPage.login_mercury(LoginPage.java:20)
	at com.mercury.TestCases.LoginPage.login_mercury(LoginPage.java:20)
	at com.mercury.TestCases.LoginPage.login_mercury(LoginPage.java:20)
	at com.mercury.TestCases.LoginPage.login_mercury(LoginPage.java:20)
	at com.mercury.TestCases.LoginPage.login_mercury(LoginPage.java:20)
	at com.mercury.TestCases.LoginPage.login_mercury(LoginPage.java:20)
	at com.mercury.TestCases.LoginPage.login_mercury(LoginPage.java:20)
	at com.mercury.TestCases.LoginPage.login_mercury(LoginPage.java:20)
	at com.mercury.TestCases.LoginPage.login_mercury(LoginPage.java:20)
	at com.mercury.TestCases.LoginPage.login_mercury(LoginPage.java:20)
	at com.mercury.TestCases.LoginPage.login_mercury(LoginPage.java:20)
	at com.mercury.TestCases.LoginPage.login_mercury(LoginPage.java:20)
	at com.mercury.TestCases.LoginPage.login_mercury(LoginPage.java:20)
	at com.mercury.TestCases.LoginPage.login_mercury(LoginPage.java:20)
	at com.mercury.TestCases.LoginPage.login_mercury(LoginPage.java:20)
	at com.mercury.TestCases.LoginPage.login_mercury(LoginPage.java:20)
	at com.mercury.TestCases.LoginPage.login_mercury(LoginPage.java:20)
	at com.mercury.TestCases.LoginPage.login_mercury(LoginPage.java:20)
	at com.mercury.TestCases.LoginPage.login_mercury(LoginPage.java:20)
	at com.mercury.TestCases.LoginPage.login_mercury(LoginPage.java:20)
	at com.mercury.TestCases.LoginPage.login_mercury(LoginPage.java:20)
	at com.mercury.TestCases.LoginPage.login_mercury(LoginPage.java:20)
	at com.mercury.TestCases.LoginPage.login_mercury(LoginPage.java:20)
	at com.mercury.TestCases.LoginPage.login_mercury(LoginPage.java:20)
	at com.mercury.TestCases.LoginPage.login_mercury(LoginPage.java:20)
	at com.mercury.TestCases.LoginPage.login_mercury(LoginPage.java:20)
	at com.mercury.TestCases.LoginPage.login_mercury(LoginPage.java:20)
	at com.mercury.TestCases.LoginPage.login_mercury(LoginPage.java:20)
	at com.mercury.TestCases.LoginPage.login_mercury(LoginPage.java:20)
	at com.mercury.TestCases.LoginPage.login_mercury(LoginPage.java:20)
	at com.mercury.TestCases.LoginPage.login_mercury(LoginPage.java:20)
	at com.mercury.TestCases.LoginPage.login_mercury(LoginPage.java:20)
	at com.mercury.TestCases.LoginPage.login_mercury(LoginPage.java:20)
	at com.mercury.TestCases.LoginPage.login_mercury(LoginPage.java:20)
	at com.mercury.TestCases.LoginPage.login_mercury(LoginPage.java:20)
	at com.mercury.TestCases.LoginPage.login_mercury(LoginPage.java:20)
	at com.mercury.TestCases.LoginPage.login_mercury(LoginPage.java:20)
	at com.mercury.TestCases.LoginPage.login_mercury(LoginPage.java:20)
	at com.mercury.TestCases.LoginPage.login_mercury(LoginPage.java:20)
	at com.mercury.TestCases.LoginPage.login_mercury(LoginPage.java:20)
	at com.mercury.TestCases.LoginPage.login_mercury(LoginPage.java:20)
	at com.mercury.TestCases.LoginPage.login_mercury(LoginPage.java:20)
	at com.mercury.TestCases.LoginPage.login_mercury(LoginPage.java:20)
	at com.mercury.TestCases.LoginPage.login_mercury(LoginPage.java:20)
	at com.mercury.TestCases.LoginPage.login_mercury(LoginPage.java:20)
	at com.mercury.TestCases.LoginPage.login_mercury(LoginPage.java:20)
	at com.mercury.TestCases.LoginPage.login_mercury(LoginPage.java:20)
	at com.mercury.TestCases.LoginPage.login_mercury(LoginPage.java:20)
	at com.mercury.TestCases.LoginPage.login_mercury(LoginPage.java:20)
	at com.mercury.TestCases.LoginPage.login_mercury(LoginPage.java:20)
	at com.mercury.TestCases.LoginPage.login_mercury(LoginPage.java:20)
	at com.mercury.TestCases.LoginPage.login_mercury(LoginPage.java:20)
	at com.mercury.TestCases.LoginPage.login_mercury(LoginPage.java:20)
	at com.mercury.TestCases.LoginPage.login_mercury(LoginPage.java:20)
	at com.mercury.TestCases.LoginPage.login_mercury(LoginPage.java:20)
	at com.mercury.TestCases.LoginPage.login_mercury(LoginPage.java:20)
	at com.mercury.TestCases.LoginPage.login_mercury(LoginPage.java:20)
	at com.mercury.TestCases.LoginPage.login_mercury(LoginPage.java:20)
	at com.mercury.TestCases.LoginPage.login_mercury(LoginPage.java:20)
	at com.mercury.TestCases.LoginPage.login_mercury(LoginPage.java:20)
	at com.mercury.TestCases.LoginPage.login_mercury(LoginPage.java:20)
	at com.mercury.TestCases.LoginPage.login_mercury(LoginPage.java:20)
	at com.mercury.TestCases.LoginPage.login_mercury(LoginPage.java:20)
	at com.mercury.TestCases.LoginPage.login_mercury(LoginPage.java:20)
	at com.mercury.TestCases.LoginPage.login_mercury(LoginPage.java:20)
	at com.mercury.TestCases.LoginPage.login_mercury(LoginPage.java:20)
	at com.mercury.TestCases.LoginPage.login_mercury(LoginPage.java:20)
	at com.mercury.TestCases.LoginPage.login_mercury(LoginPage.java:20)
	at com.mercury.TestCases.LoginPage.login_mercury(LoginPage.java:20)
	at com.mercury.TestCases.LoginPage.login_mercury(LoginPage.java:20)
	at com.mercury.TestCases.LoginPage.login_mercury(LoginPage.java:20)
	at com.mercury.TestCases.LoginPage.login_mercury(LoginPage.java:20)
	at com.mercury.TestCases.LoginPage.login_mercury(LoginPage.java:20)
	at com.mercury.TestCases.LoginPage.login_mercury(LoginPage.java:20)
	at com.mercury.TestCases.LoginPage.login_mercury(LoginPage.java:20)
	at com.mercury.TestCases.LoginPage.login_mercury(LoginPage.java:20)
	at com.mercury.TestCases.LoginPage.login_mercury(LoginPage.java:20)
	at com.mercury.TestCases.LoginPage.login_mercury(LoginPage.java:20)
	at com.mercury.TestCases.LoginPage.login_mercury(LoginPage.java:20)
	at com.mercury.TestCases.LoginPage.login_mercury(LoginPage.java:20)
	at com.mercury.TestCases.LoginPage.login_mercury(LoginPage.java:20)
	at com.mercury.TestCases.LoginPage.login_mercury(LoginPage.java:20)
	at com.mercury.TestCases.LoginPage.login_mercury(LoginPage.java:20)
	at com.mercury.TestCases.LoginPage.login_mercury(LoginPage.java:20)
	at com.mercury.TestCases.LoginPage.login_mercury(LoginPage.java:20)
	at com.mercury.TestCases.LoginPage.login_mercury(LoginPage.java:20)
	at com.mercury.TestCases.LoginPage.login_mercury(LoginPage.java:20)
	at com.mercury.TestCases.LoginPage.login_mercury(LoginPage.java:20)
	at com.mercury.TestCases.LoginPage.login_mercury(LoginPage.java:20)
	at com.mercury.TestCases.LoginPage.login_mercury(LoginPage.java:20)
	at com.mercury.TestCases.LoginPage.login_mercury(LoginPage.java:20)
	at com.mercury.TestCases.LoginPage.login_mercury(LoginPage.java:20)
	at com.mercury.TestCases.LoginPage.login_mercury(LoginPage.java:20)
	at com.mercury.TestCases.LoginPage.login_mercury(LoginPage.java:20)
	at com.mercury.TestCases.LoginPage.login_mercury(LoginPage.java:20)
	at com.mercury.TestCases.LoginPage.login_mercury(LoginPage.java:20)
	at com.mercury.TestCases.LoginPage.login_mercury(LoginPage.java:20)
	at com.mercury.TestCases.LoginPage.login_mercury(LoginPage.java:20)
	at com.mercury.TestCases.LoginPage.login_mercury(LoginPage.java:20)
	at com.mercury.TestCases.LoginPage.login_mercury(LoginPage.java:20)
	at com.mercury.TestCases.LoginPage.login_mercury(LoginPage.java:20)
	at com.mercury.TestCases.LoginPage.login_mercury(LoginPage.java:20)
	at com.mercury.TestCases.LoginPage.login_mercury(LoginPage.java:20)
	at com.mercury.TestCases.LoginPage.login_mercury(LoginPage.java:20)
	at com.mercury.TestCases.LoginPage.login_mercury(LoginPage.java:20)
	at com.mercury.TestCases.LoginPage.login_mercury(LoginPage.java:20)
	at com.mercury.TestCases.LoginPage.login_mercury(LoginPage.java:20)
	at com.mercury.TestCases.LoginPage.login_mercury(LoginPage.java:20)
	at com.mercury.TestCases.LoginPage.login_mercury(LoginPage.java:20)
	at com.mercury.TestCases.LoginPage.login_mercury(LoginPage.java:20)
	at com.mercury.TestCases.LoginPage.login_mercury(LoginPage.java:20)
	at com.mercury.TestCases.LoginPage.login_mercury(LoginPage.java:20)
	at com.mercury.TestCases.LoginPage.login_mercury(LoginPage.java:20)
	at com.mercury.TestCases.LoginPage.login_mercury(LoginPage.java:20)
	at com.mercury.TestCases.LoginPage.login_mercury(LoginPage.java:20)
	at com.mercury.TestCases.LoginPage.login_mercury(LoginPage.java:20)
	at com.mercury.TestCases.LoginPage.login_mercury(LoginPage.java:20)
	at com.mercury.TestCases.LoginPage.login_mercury(LoginPage.java:20)
	at com.mercury.TestCases.LoginPage.login_mercury(LoginPage.java:20)
	at com.mercury.TestCases.LoginPage.login_mercury(LoginPage.java:20)
	at com.mercury.TestCases.LoginPage.login_mercury(LoginPage.java:20)
	at com.mercury.TestCases.LoginPage.login_mercury(LoginPage.java:20)
	at com.mercury.TestCases.LoginPage.login_mercury(LoginPage.java:20)
	at com.mercury.TestCases.LoginPage.login_mercury(LoginPage.java:20)
	at com.mercury.TestCases.LoginPage.login_mercury(LoginPage.java:20)
	at com.mercury.TestCases.LoginPage.login_mercury(LoginPage.java:20)
	at com.mercury.TestCases.LoginPage.login_mercury(LoginPage.java:20)
	at com.mercury.TestCases.LoginPage.login_mercury(LoginPage.java:20)
	at com.mercury.TestCases.LoginPage.login_mercury(LoginPage.java:20)
	at com.mercury.TestCases.LoginPage.login_mercury(LoginPage.java:20)
	at com.mercury.TestCases.LoginPage.login_mercury(LoginPage.java:20)
	at com.mercury.TestCases.LoginPage.login_mercury(LoginPage.java:20)
	at com.mercury.TestCases.LoginPage.login_mercury(LoginPage.java:20)
	at com.mercury.TestCases.LoginPage.login_mercury(LoginPage.java:20)
	at com.mercury.TestCases.LoginPage.login_mercury(LoginPage.java:20)
	at com.mercury.TestCases.LoginPage.login_mercury(LoginPage.java:20)
	at com.mercury.TestCases.LoginPage.login_mercury(LoginPage.java:20)
	at com.mercury.TestCases.LoginPage.login_mercury(LoginPage.java:20)
	at com.mercury.TestCases.LoginPage.login_mercury(LoginPage.java:20)
	at com.mercury.TestCases.LoginPage.login_mercury(LoginPage.java:20)
	at com.mercury.TestCases.LoginPage.login_mercury(LoginPage.java:20)
	at com.mercury.TestCases.LoginPage.login_mercury(LoginPage.java:20)
	at com.mercury.TestCases.LoginPage.login_mercury(LoginPage.java:20)
	at com.mercury.TestCases.LoginPage.login_mercury(LoginPage.java:20)
	at com.mercury.TestCases.LoginPage.login_mercury(LoginPage.java:20)
	at com.mercury.TestCases.LoginPage.login_mercury(LoginPage.java:20)
	at com.mercury.TestCases.LoginPage.login_mercury(LoginPage.java:20)
	at com.mercury.TestCases.LoginPage.login_mercury(LoginPage.java:20)
	at com.mercury.TestCases.LoginPage.login_mercury(LoginPage.java:20)
	at com.mercury.TestCases.LoginPage.login_mercury(LoginPage.java:20)
	at com.mercury.TestCases.LoginPage.login_mercury(LoginPage.java:20)
	at com.mercury.TestCases.LoginPage.login_mercury(LoginPage.java:20)
	at com.mercury.TestCases.LoginPage.login_mercury(LoginPage.java:20)
	at com.mercury.TestCases.LoginPage.login_mercury(LoginPage.java:20)
	at com.mercury.TestCases.LoginPage.login_mercury(LoginPage.java:20)
	at com.mercury.TestCases.LoginPage.login_mercury(LoginPage.java:20)
	at com.mercury.TestCases.LoginPage.login_mercury(LoginPage.java:20)
	at com.mercury.TestCases.LoginPage.login_mercury(LoginPage.java:20)
	at com.mercury.TestCases.LoginPage.login_mercury(LoginPage.java:20)
	at com.mercury.TestCases.LoginPage.login_mercury(LoginPage.java:20)
	at com.mercury.TestCases.LoginPage.login_mercury(LoginPage.java:20)
	at com.mercury.TestCases.LoginPage.login_mercury(LoginPage.java:20)
	at com.mercury.TestCases.LoginPage.login_mercury(LoginPage.java:20)
	at com.mercury.TestCases.LoginPage.login_mercury(LoginPage.java:20)
	at com.mercury.TestCases.LoginPage.login_mercury(LoginPage.java:20)
	at com.mercury.TestCases.LoginPage.login_mercury(LoginPage.java:20)
	at com.mercury.TestCases.LoginPage.login_mercury(LoginPage.java:20)
	at com.mercury.TestCases.LoginPage.login_mercury(LoginPage.java:20)
	at com.mercury.TestCases.LoginPage.login_mercury(LoginPage.java:20)
	at com.mercury.TestCases.LoginPage.login_mercury(LoginPage.java:20)
	at com.mercury.TestCases.LoginPage.login_mercury(LoginPage.java:20)
	at com.mercury.TestCases.LoginPage.login_mercury(LoginPage.java:20)
	at com.mercury.TestCases.LoginPage.login_mercury(LoginPage.java:20)
	at com.mercury.TestCases.LoginPage.login_mercury(LoginPage.java:20)
	at com.mercury.TestCases.LoginPage.login_mercury(LoginPage.java:20)
	at com.mercury.TestCases.LoginPage.login_mercury(LoginPage.java:20)
	at com.mercury.TestCases.LoginPage.login_mercury(LoginPage.java:20)
	at com.mercury.TestCases.LoginPage.login_mercury(LoginPage.java:20)
	at com.mercury.TestCases.LoginPage.login_mercury(LoginPage.java:20)
	at com.mercury.TestCases.LoginPage.login_mercury(LoginPage.java:20)
	at com.mercury.TestCases.LoginPage.login_mercury(LoginPage.java:20)
	at com.mercury.TestCases.LoginPage.login_mercury(LoginPage.java:20)
	at com.mercury.TestCases.LoginPage.login_mercury(LoginPage.java:20)
	at com.mercury.TestCases.LoginPage.login_mercury(LoginPage.java:20)
	at com.mercury.TestCases.LoginPage.login_mercury(LoginPage.java:20)
	at com.mercury.TestCases.LoginPage.login_mercury(LoginPage.java:20)
	at com.mercury.TestCases.LoginPage.login_mercury(LoginPage.java:20)
	at com.mercury.TestCases.LoginPage.login_mercury(LoginPage.java:20)
	at com.mercury.TestCases.LoginPage.login_mercury(LoginPage.java:20)
	at com.mercury.TestCases.LoginPage.login_mercury(LoginPage.java:20)
	at com.mercury.TestCases.LoginPage.login_mercury(LoginPage.java:20)
	at com.mercury.TestCases.LoginPage.login_mercury(LoginPage.java:20)
	at com.mercury.TestCases.LoginPage.login_mercury(LoginPage.java:20)
	at com.mercury.TestCases.LoginPage.login_mercury(LoginPage.java:20)
	at com.mercury.TestCases.LoginPage.login_mercury(LoginPage.java:20)
	at com.mercury.TestCases.LoginPage.login_mercury(LoginPage.java:20)
	at com.mercury.TestCases.LoginPage.login_mercury(LoginPage.java:20)
	at com.mercury.TestCases.LoginPage.login_mercury(LoginPage.java:20)
	at com.mercury.TestCases.LoginPage.login_mercury(LoginPage.java:20)
	at com.mercury.TestCases.LoginPage.login_mercury(LoginPage.java:20)
	at com.mercury.TestCases.LoginPage.login_mercury(LoginPage.java:20)
	at com.mercury.TestCases.LoginPage.login_mercury(LoginPage.java:20)
	at com.mercury.TestCases.LoginPage.login_mercury(LoginPage.java:20)
	at com.mercury.TestCases.LoginPage.login_mercury(LoginPage.java:20)
	at com.mercury.TestCases.LoginPage.login_mercury(LoginPage.java:20)
	at com.mercury.TestCases.LoginPage.login_mercury(LoginPage.java:20)
	at com.mercury.TestCases.LoginPage.login_mercury(LoginPage.java:20)
	at com.mercury.TestCases.LoginPage.login_mercury(LoginPage.java:20)
	at com.mercury.TestCases.LoginPage.login_mercury(LoginPage.java:20)
	at com.mercury.TestCases.LoginPage.login_mercury(LoginPage.java:20)
	at com.mercury.TestCases.LoginPage.login_mercury(LoginPage.java:20)
	at com.mercury.TestCases.LoginPage.login_mercury(LoginPage.java:20)
	at com.mercury.TestCases.LoginPage.login_mercury(LoginPage.java:20)
	at com.mercury.TestCases.LoginPage.login_mercury(LoginPage.java:20)
	at com.mercury.TestCases.LoginPage.login_mercury(LoginPage.java:20)
	at com.mercury.TestCases.LoginPage.login_mercury(LoginPage.java:20)
	at com.mercury.TestCases.LoginPage.login_mercury(LoginPage.java:20)
	at com.mercury.TestCases.LoginPage.login_mercury(LoginPage.java:20)
	at com.mercury.TestCases.LoginPage.login_mercury(LoginPage.java:20)
	at com.mercury.TestCases.LoginPage.login_mercury(LoginPage.java:20)
	at com.mercury.TestCases.LoginPage.login_mercury(LoginPage.java:20)
	at com.mercury.TestCases.LoginPage.login_mercury(LoginPage.java:20)
	at com.mercury.TestCases.LoginPage.login_mercury(LoginPage.java:20)
	at com.mercury.TestCases.LoginPage.login_mercury(LoginPage.java:20)
	at com.mercury.TestCases.LoginPage.login_mercury(LoginPage.java:20)
	at com.mercury.TestCases.LoginPage.login_mercury(LoginPage.java:20)
	at com.mercury.TestCases.LoginPage.login_mercury(LoginPage.java:20)
	at com.mercury.TestCases.LoginPage.login_mercury(LoginPage.java:20)
	at com.mercury.TestCases.LoginPage.login_mercury(LoginPage.java:20)
	at com.mercury.TestCases.LoginPage.login_mercury(LoginPage.java:20)
	at com.mercury.TestCases.LoginPage.login_mercury(LoginPage.java:20)
	at com.mercury.TestCases.LoginPage.login_mercury(LoginPage.java:20)
	at com.mercury.TestCases.LoginPage.login_mercury(LoginPage.java:20)
	at com.mercury.TestCases.LoginPage.login_mercury(LoginPage.java:20)
	at com.mercury.TestCases.LoginPage.login_mercury(LoginPage.java:20)
	at com.mercury.TestCases.LoginPage.login_mercury(LoginPage.java:20)
	at com.mercury.TestCases.LoginPage.login_mercury(LoginPage.java:20)
	at com.mercury.TestCases.LoginPage.login_mercury(LoginPage.java:20)
	at com.mercury.TestCases.LoginPage.login_mercury(LoginPage.java:20)
	at com.mercury.TestCases.LoginPage.login_mercury(LoginPage.java:20)
	at com.mercury.TestCases.LoginPage.login_mercury(LoginPage.java:20)
	at com.mercury.TestCases.LoginPage.login_mercury(LoginPage.java:20)
	at com.mercury.TestCases.LoginPage.login_mercury(LoginPage.java:20)
	at com.mercury.TestCases.LoginPage.login_mercury(LoginPage.java:20)
	at com.mercury.TestCases.LoginPage.login_mercury(LoginPage.java:20)
	at com.mercury.TestCases.LoginPage.login_mercury(LoginPage.java:20)
	at com.mercury.TestCases.LoginPage.login_mercury(LoginPage.java:20)
	at com.mercury.TestCases.LoginPage.login_mercury(LoginPage.java:20)
	at com.mercury.TestCases.LoginPage.login_mercury(LoginPage.java:20)
	at com.mercury.TestCases.LoginPage.login_mercury(LoginPage.java:20)
	at com.mercury.TestCases.LoginPage.login_mercury(LoginPage.java:20)
	at com.mercury.TestCases.LoginPage.login_mercury(LoginPage.java:20)
	at com.mercury.TestCases.LoginPage.login_mercury(LoginPage.java:20)
	at com.mercury.TestCases.LoginPage.login_mercury(LoginPage.java:20)
	at com.mercury.TestCases.LoginPage.login_mercury(LoginPage.java:20)
	at com.mercury.TestCases.LoginPage.login_mercury(LoginPage.java:20)
	at com.mercury.TestCases.LoginPage.login_mercury(LoginPage.java:20)
	at com.mercury.TestCases.LoginPage.login_mercury(LoginPage.java:20)
	at com.mercury.TestCases.LoginPage.login_mercury(LoginPage.java:20)
	at com.mercury.TestCases.LoginPage.login_mercury(LoginPage.java:20)
	at com.mercury.TestCases.LoginPage.login_mercury(LoginPage.java:20)
	at com.mercury.TestCases.LoginPage.login_mercury(LoginPage.java:20)
	at com.mercury.TestCases.LoginPage.login_mercury(LoginPage.java:20)
	at com.mercury.TestCases.LoginPage.login_mercury(LoginPage.java:20)
	at com.mercury.TestCases.LoginPage.login_mercury(LoginPage.java:20)
	at com.mercury.TestCases.LoginPage.login_mercury(LoginPage.java:20)
	at com.mercury.TestCases.LoginPage.login_mercury(LoginPage.java:20)
	at com.mercury.TestCases.LoginPage.login_mercury(LoginPage.java:20)
	at com.mercury.TestCases.LoginPage.login_mercury(LoginPage.java:20)
	at com.mercury.TestCases.LoginPage.login_mercury(LoginPage.java:20)
	at com.mercury.TestCases.LoginPage.login_mercury(LoginPage.java:20)
	at com.mercury.TestCases.LoginPage.login_mercury(LoginPage.java:20)
	at com.mercury.TestCases.LoginPage.login_mercury(LoginPage.java:20)
	at com.mercury.TestCases.LoginPage.login_mercury(LoginPage.java:20)
	at com.mercury.TestCases.LoginPage.login_mercury(LoginPage.java:20)
	at com.mercury.TestCases.LoginPage.login_mercury(LoginPage.java:20)
	at com.mercury.TestCases.LoginPage.login_mercury(LoginPage.java:20)
	at com.mercury.TestCases.LoginPage.login_mercury(LoginPage.java:20)
	at com.mercury.TestCases.LoginPage.login_mercury(LoginPage.java:20)
	at com.mercury.TestCases.LoginPage.login_mercury(LoginPage.java:20)
	at com.mercury.TestCases.LoginPage.login_mercury(LoginPage.java:20)
	at com.mercury.TestCases.LoginPage.login_mercury(LoginPage.java:20)
	at com.mercury.TestCases.LoginPage.login_mercury(LoginPage.java:20)
	at com.mercury.TestCases.LoginPage.login_mercury(LoginPage.java:20)
	at com.mercury.TestCases.LoginPage.login_mercury(LoginPage.java:20)
	at com.mercury.TestCases.LoginPage.login_mercury(LoginPage.java:20)
	at com.mercury.TestCases.LoginPage.login_mercury(LoginPage.java:20)
	at com.mercury.TestCases.LoginPage.login_mercury(LoginPage.java:20)
	at com.mercury.TestCases.LoginPage.login_mercury(LoginPage.java:20)
	at com.mercury.TestCases.LoginPage.login_mercury(LoginPage.java:20)
	at com.mercury.TestCases.LoginPage.login_mercury(LoginPage.java:20)
	at com.mercury.TestCases.LoginPage.login_mercury(LoginPage.java:20)
	at com.mercury.TestCases.LoginPage.login_mercury(LoginPage.java:20)
	at com.mercury.TestCases.LoginPage.login_mercury(LoginPage.java:20)
	at com.mercury.TestCases.LoginPage.login_mercury(LoginPage.java:20)
	at com.mercury.TestCases.LoginPage.login_mercury(LoginPage.java:20)
	at com.mercury.TestCases.LoginPage.login_mercury(LoginPage.java:20)
	at com.mercury.TestCases.LoginPage.login_mercury(LoginPage.java:20)
	at com.mercury.TestCases.LoginPage.login_mercury(LoginPage.java:20)
	at com.mercury.TestCases.LoginPage.login_mercury(LoginPage.java:20)
	at com.mercury.TestCases.LoginPage.login_mercury(LoginPage.java:20)
	at com.mercury.TestCases.LoginPage.login_mercury(LoginPage.java:20)
	at com.mercury.TestCases.LoginPage.login_mercury(LoginPage.java:20)
	at com.mercury.TestCases.LoginPage.login_mercury(LoginPage.java:20)
	at com.mercury.TestCases.LoginPage.login_mercury(LoginPage.java:20)
	at com.mercury.TestCases.LoginPage.login_mercury(LoginPage.java:20)
	at com.mercury.TestCases.LoginPage.login_mercury(LoginPage.java:20)
	at com.mercury.TestCases.LoginPage.login_mercury(LoginPage.java:20)
	at com.mercury.TestCases.LoginPage.login_mercury(LoginPage.java:20)
	at com.mercury.TestCases.LoginPage.login_mercury(LoginPage.java:20)
	at com.mercury.TestCases.LoginPage.login_mercury(LoginPage.java:20)
	at com.mercury.TestCases.LoginPage.login_mercury(LoginPage.java:20)
	at com.mercury.TestCases.LoginPage.login_mercury(LoginPage.java:20)
	at com.mercury.TestCases.LoginPage.login_mercury(LoginPage.java:20)
	at com.mercury.TestCases.LoginPage.login_mercury(LoginPage.java:20)
	at com.mercury.TestCases.LoginPage.login_mercury(LoginPage.java:20)
	at com.mercury.TestCases.LoginPage.login_mercury(LoginPage.java:20)
	at com.mercury.TestCases.LoginPage.login_mercury(LoginPage.java:20)
	at com.mercury.TestCases.LoginPage.login_mercury(LoginPage.java:20)
	at com.mercury.TestCases.LoginPage.login_mercury(LoginPage.java:20)
	at com.mercury.TestCases.LoginPage.login_mercury(LoginPage.java:20)
	at com.mercury.TestCases.LoginPage.login_mercury(LoginPage.java:20)
	at com.mercury.TestCases.LoginPage.login_mercury(LoginPage.java:20)
	at com.mercury.TestCases.LoginPage.login_mercury(LoginPage.java:20)
	at com.mercury.TestCases.LoginPage.login_mercury(LoginPage.java:20)
	at com.mercury.TestCases.LoginPage.login_mercury(LoginPage.java:20)
	at com.mercury.TestCases.LoginPage.login_mercury(LoginPage.java:20)
	at com.mercury.TestCases.LoginPage.login_mercury(LoginPage.java:20)
	at com.mercury.TestCases.LoginPage.login_mercury(LoginPage.java:20)
	at com.mercury.TestCases.LoginPage.login_mercury(LoginPage.java:20)
	at com.mercury.TestCases.LoginPage.login_mercury(LoginPage.java:20)
	at com.mercury.TestCases.LoginPage.login_mercury(LoginPage.java:20)
	at com.mercury.TestCases.LoginPage.login_mercury(LoginPage.java:20)
	at com.mercury.TestCases.LoginPage.login_mercury(LoginPage.java:20)
	at com.mercury.TestCases.LoginPage.login_mercury(LoginPage.java:20)
	at com.mercury.TestCases.LoginPage.login_mercury(LoginPage.java:20)
	at com.mercury.TestCases.LoginPage.login_mercury(LoginPage.java:20)
	at com.mercury.TestCases.LoginPage.login_mercury(LoginPage.java:20)
	at com.mercury.TestCases.LoginPage.login_mercury(LoginPage.java:20)
	at com.mercury.TestCases.LoginPage.login_mercury(LoginPage.java:20)
	at com.mercury.TestCases.LoginPage.login_mercury(LoginPage.java:20)
	at com.mercury.TestCases.LoginPage.login_mercury(LoginPage.java:20)
	at com.mercury.TestCases.LoginPage.login_mercury(LoginPage.java:20)
	at com.mercury.TestCases.LoginPage.login_mercury(LoginPage.java:20)
	at com.mercury.TestCases.LoginPage.login_mercury(LoginPage.java:20)
	at com.mercury.TestCases.LoginPage.login_mercury(LoginPage.java:20)
	at com.mercury.TestCases.LoginPage.login_mercury(LoginPage.java:20)
	at com.mercury.TestCases.LoginPage.login_mercury(LoginPage.java:20)
	at com.mercury.TestCases.LoginPage.login_mercury(LoginPage.java:20)
	at com.mercury.TestCases.LoginPage.login_mercury(LoginPage.java:20)
	at com.mercury.TestCases.LoginPage.login_mercury(LoginPage.java:20)
	at com.mercury.TestCases.LoginPage.login_mercury(LoginPage.java:20)
	at com.mercury.TestCases.LoginPage.login_mercury(LoginPage.java:20)
	at com.mercury.TestCases.LoginPage.login_mercury(LoginPage.java:20)
	at com.mercury.TestCases.LoginPage.login_mercury(LoginPage.java:20)
	at com.mercury.TestCases.LoginPage.login_mercury(LoginPage.java:20)
	at com.mercury.TestCases.LoginPage.login_mercury(LoginPage.java:20)
	at com.mercury.TestCases.LoginPage.login_mercury(LoginPage.java:20)
	at com.mercury.TestCases.LoginPage.login_mercury(LoginPage.java:20)
	at com.mercury.TestCases.LoginPage.login_mercury(LoginPage.java:20)
	at com.mercury.TestCases.LoginPage.login_mercury(LoginPage.java:20)
	at com.mercury.TestCases.LoginPage.login_mercury(LoginPage.java:20)
	at com.mercury.TestCases.LoginPage.login_mercury(LoginPage.java:20)
	at com.mercury.TestCases.LoginPage.login_mercury(LoginPage.java:20)
	at com.mercury.TestCases.LoginPage.login_mercury(LoginPage.java:20)
	at com.mercury.TestCases.LoginPage.login_mercury(LoginPage.java:20)
	at com.mercury.TestCases.LoginPage.login_mercury(LoginPage.java:20)
	at com.mercury.TestCases.LoginPage.login_mercury(LoginPage.java:20)
	at com.mercury.TestCases.LoginPage.login_mercury(LoginPage.java:20)
	at com.mercury.TestCases.LoginPage.login_mercury(LoginPage.java:20)
	at com.mercury.TestCases.LoginPage.login_mercury(LoginPage.java:20)
	at com.mercury.TestCases.LoginPage.login_mercury(LoginPage.java:20)
	at com.mercury.TestCases.LoginPage.login_mercury(LoginPage.java:20)
	at com.mercury.TestCases.LoginPage.login_mercury(LoginPage.java:20)
	at com.mercury.TestCases.LoginPage.login_mercury(LoginPage.java:20)
	at com.mercury.TestCases.LoginPage.login_mercury(LoginPage.java:20)
	at com.mercury.TestCases.LoginPage.login_mercury(LoginPage.java:20)
	at com.mercury.TestCases.LoginPage.login_mercury(LoginPage.java:20)
	at com.mercury.TestCases.LoginPage.login_mercury(LoginPage.java:20)
	at com.mercury.TestCases.LoginPage.login_mercury(LoginPage.java:20)
	at com.mercury.TestCases.LoginPage.login_mercury(LoginPage.java:20)
	at com.mercury.TestCases.LoginPage.login_mercury(LoginPage.java:20)
	at com.mercury.TestCases.LoginPage.login_mercury(LoginPage.java:20)
	at com.mercury.TestCases.LoginPage.login_mercury(LoginPage.java:20)
	at com.mercury.TestCases.LoginPage.login_mercury(LoginPage.java:20)
	at com.mercury.TestCases.LoginPage.login_mercury(LoginPage.java:20)
	at com.mercury.TestCases.LoginPage.login_mercury(LoginPage.java:20)
	at com.mercury.TestCases.LoginPage.login_mercury(LoginPage.java:20)
	at com.mercury.TestCases.LoginPage.login_mercury(LoginPage.java:20)
	at com.mercury.TestCases.LoginPage.login_mercury(LoginPage.java:20)
	at com.mercury.TestCases.LoginPage.login_mercury(LoginPage.java:20)
	at com.mercury.TestCases.LoginPage.login_mercury(LoginPage.java:20)
	at com.mercury.TestCases.LoginPage.login_mercury(LoginPage.java:20)
	at com.mercury.TestCases.LoginPage.login_mercury(LoginPage.java:20)
	at com.mercury.TestCases.LoginPage.login_mercury(LoginPage.java:20)
	at com.mercury.TestCases.LoginPage.login_mercury(LoginPage.java:20)
	at com.mercury.TestCases.LoginPage.login_mercury(LoginPage.java:20)
	at com.mercury.TestCases.LoginPage.login_mercury(LoginPage.java:20)
	at com.mercury.TestCases.LoginPage.login_mercury(LoginPage.java:20)
	at com.mercury.TestCases.LoginPage.login_mercury(LoginPage.java:20)
	at com.mercury.TestCases.LoginPage.login_mercury(LoginPage.java:20)
	at com.mercury.TestCases.LoginPage.login_mercury(LoginPage.java:20)
	at com.mercury.TestCases.LoginPage.login_mercury(LoginPage.java:20)
	at com.mercury.TestCases.LoginPage.login_mercury(LoginPage.java:20)
	at com.mercury.TestCases.LoginPage.login_mercury(LoginPage.java:20)
	at com.mercury.TestCases.LoginPage.login_mercury(LoginPage.java:20)
	at com.mercury.TestCases.LoginPage.login_mercury(LoginPage.java:20)
	at com.mercury.TestCases.LoginPage.login_mercury(LoginPage.java:20)
	at com.mercury.TestCases.LoginPage.login_mercury(LoginPage.java:20)
	at com.mercury.TestCases.LoginPage.login_mercury(LoginPage.java:20)
	at com.mercury.TestCases.LoginPage.login_mercury(LoginPage.java:20)
	at com.mercury.TestCases.LoginPage.login_mercury(LoginPage.java:20)
	at com.mercury.TestCases.LoginPage.login_mercury(LoginPage.java:20)
	at com.mercury.TestCases.LoginPage.login_mercury(LoginPage.java:20)
	at com.mercury.TestCases.LoginPage.login_mercury(LoginPage.java:20)
	at com.mercury.TestCases.LoginPage.login_mercury(LoginPage.java:20)
	at com.mercury.TestCases.LoginPage.login_mercury(LoginPage.java:20)
	at com.mercury.TestCases.LoginPage.login_mercury(LoginPage.java:20)
	at com.mercury.TestCases.LoginPage.login_mercury(LoginPage.java:20)
	at com.mercury.TestCases.LoginPage.login_mercury(LoginPage.java:20)
	at com.mercury.TestCases.LoginPage.login_mercury(LoginPage.java:20)
	at com.mercury.TestCases.LoginPage.login_mercury(LoginPage.java:20)
	at com.mercury.TestCases.LoginPage.login_mercury(LoginPage.java:20)
	at com.mercury.TestCases.LoginPage.login_mercury(LoginPage.java:20)
	at com.mercury.TestCases.LoginPage.login_mercury(LoginPage.java:20)
	at com.mercury.TestCases.LoginPage.login_mercury(LoginPage.java:20)
	at com.mercury.TestCases.LoginPage.login_mercury(LoginPage.java:20)
	at com.mercury.TestCases.LoginPage.login_mercury(LoginPage.java:20)
	at com.mercury.TestCases.LoginPage.login_mercury(LoginPage.java:20)
	at com.mercury.TestCases.LoginPage.login_mercury(LoginPage.java:20)
	at com.mercury.TestCases.LoginPage.login_mercury(LoginPage.java:20)
	at com.mercury.TestCases.LoginPage.login_mercury(LoginPage.java:20)
	at com.mercury.TestCases.LoginPage.login_mercury(LoginPage.java:20)
	at com.mercury.TestCases.LoginPage.login_mercury(LoginPage.java:20)
	at com.mercury.TestCases.LoginPage.login_mercury(LoginPage.java:20)
	at com.mercury.TestCases.LoginPage.login_mercury(LoginPage.java:20)
	at com.mercury.TestCases.LoginPage.login_mercury(LoginPage.java:20)
	at com.mercury.TestCases.LoginPage.login_mercury(LoginPage.java:20)
	at com.mercury.TestCases.LoginPage.login_mercury(LoginPage.java:20)
	at com.mercury.TestCases.LoginPage.login_mercury(LoginPage.java:20)
	at com.mercury.TestCases.LoginPage.login_mercury(LoginPage.java:20)
	at com.mercury.TestCases.LoginPage.login_mercury(LoginPage.java:20)
	at com.mercury.TestCases.LoginPage.login_mercury(LoginPage.java:20)
	at com.mercury.TestCases.LoginPage.login_mercury(LoginPage.java:20)
	at com.mercury.TestCases.LoginPage.login_mercury(LoginPage.java:20)
	at com.mercury.TestCases.LoginPage.login_mercury(LoginPage.java:20)
	at com.mercury.TestCases.LoginPage.login_mercury(LoginPage.java:20)
	at com.mercury.TestCases.LoginPage.login_mercury(LoginPage.java:20)
	at com.mercury.TestCases.LoginPage.login_mercury(LoginPage.java:20)
	at com.mercury.TestCases.LoginPage.login_mercury(LoginPage.java:20)
	at com.mercury.TestCases.LoginPage.login_mercury(LoginPage.java:20)
	at com.mercury.TestCases.LoginPage.login_mercury(LoginPage.java:20)
	at com.mercury.TestCases.LoginPage.login_mercury(LoginPage.java:20)
	at com.mercury.TestCases.LoginPage.login_mercury(LoginPage.java:20)
	at com.mercury.TestCases.LoginPage.login_mercury(LoginPage.java:20)
	at com.mercury.TestCases.LoginPage.login_mercury(LoginPage.java:20)
	at com.mercury.TestCases.LoginPage.login_mercury(LoginPage.java:20)
	at com.mercury.TestCases.LoginPage.login_mercury(LoginPage.java:20)
	at com.mercury.TestCases.LoginPage.login_mercury(LoginPage.java:20)
	at com.mercury.TestCases.LoginPage.login_mercury(LoginPage.java:20)
	at com.mercury.TestCases.LoginPage.login_mercury(LoginPage.java:20)
	at com.mercury.TestCases.LoginPage.login_mercury(LoginPage.java:20)
	at com.mercury.TestCases.LoginPage.login_mercury(LoginPage.java:20)
	at com.mercury.TestCases.LoginPage.login_mercury(LoginPage.java:20)
	at com.mercury.TestCases.LoginPage.login_mercury(LoginPage.java:20)
	at com.mercury.TestCases.LoginPage.login_mercury(LoginPage.java:20)
	at com.mercury.TestCases.LoginPage.login_mercury(LoginPage.java:20)
	at com.mercury.TestCases.LoginPage.login_mercury(LoginPage.java:20)
	at com.mercury.TestCases.LoginPage.login_mercury(LoginPage.java:20)
	at com.mercury.TestCases.LoginPage.login_mercury(LoginPage.java:20)
	at com.mercury.TestCases.LoginPage.login_mercury(LoginPage.java:20)
	at com.mercury.TestCases.LoginPage.login_mercury(LoginPage.java:20)
	at com.mercury.TestCases.LoginPage.login_mercury(LoginPage.java:20)
	at com.mercury.TestCases.LoginPage.login_mercury(LoginPage.java:20)
	at com.mercury.TestCases.LoginPage.login_mercury(LoginPage.java:20)
	at com.mercury.TestCases.LoginPage.login_mercury(LoginPage.java:20)
	at com.mercury.TestCases.LoginPage.login_mercury(LoginPage.java:20)
	at com.mercury.TestCases.LoginPage.login_mercury(LoginPage.java:20)
	at com.mercury.TestCases.LoginPage.login_mercury(LoginPage.java:20)
	at com.mercury.TestCases.LoginPage.login_mercury(LoginPage.java:20)
	at com.mercury.TestCases.LoginPage.login_mercury(LoginPage.java:20)
	at com.mercury.TestCases.LoginPage.login_mercury(LoginPage.java:20)
	at com.mercury.TestCases.LoginPage.login_mercury(LoginPage.java:20)
	at com.mercury.TestCases.LoginPage.login_mercury(LoginPage.java:20)
	at com.mercury.TestCases.LoginPage.login_mercury(LoginPage.java:20)
	at com.mercury.TestCases.LoginPage.login_mercury(LoginPage.java:20)
	at com.mercury.TestCases.LoginPage.login_mercury(LoginPage.java:20)
	at com.mercury.TestCases.LoginPage.login_mercury(LoginPage.java:20)
	at com.mercury.TestCases.LoginPage.login_mercury(LoginPage.java:20)
	at com.mercury.TestCases.LoginPage.login_mercury(LoginPage.java:20)
	at com.mercury.TestCases.LoginPage.login_mercury(LoginPage.java:20)
	at com.mercury.TestCases.LoginPage.login_mercury(LoginPage.java:20)
	at com.mercury.TestCases.LoginPage.login_mercury(LoginPage.java:20)
	at com.mercury.TestCases.LoginPage.login_mercury(LoginPage.java:20)
	at com.mercury.TestCases.LoginPage.login_mercury(LoginPage.java:20)
	at com.mercury.TestCases.LoginPage.login_mercury(LoginPage.java:20)
	at com.mercury.TestCases.LoginPage.login_mercury(LoginPage.java:20)
	at com.mercury.TestCases.LoginPage.login_mercury(LoginPage.java:20)
	at com.mercury.TestCases.LoginPage.login_mercury(LoginPage.java:20)
	at com.mercury.TestCases.LoginPage.login_mercury(LoginPage.java:20)
	at com.mercury.TestCases.LoginPage.login_mercury(LoginPage.java:20)
	at com.mercury.TestCases.LoginPage.login_mercury(LoginPage.java:20)
	at com.mercury.TestCases.LoginPage.login_mercury(LoginPage.java:20)
	at com.mercury.TestCases.LoginPage.login_mercury(LoginPage.java:20)
	at com.mercury.TestCases.LoginPage.login_mercury(LoginPage.java:20)
	at com.mercury.TestCases.LoginPage.login_mercury(LoginPage.java:20)
	at com.mercury.TestCases.LoginPage.login_mercury(LoginPage.java:20)
	at com.mercury.TestCases.LoginPage.login_mercury(LoginPage.java:20)
	at com.mercury.TestCases.LoginPage.login_mercury(LoginPage.java:20)
	at com.mercury.TestCases.LoginPage.login_mercury(LoginPage.java:20)
	at com.mercury.TestCases.LoginPage.login_mercury(LoginPage.java:20)
	at com.mercury.TestCases.LoginPage.login_mercury(LoginPage.java:20)
	at com.mercury.TestCases.LoginPage.login_mercury(LoginPage.java:20)
	at com.mercury.TestCases.LoginPage.login_mercury(LoginPage.java:20)
	at com.mercury.TestCases.LoginPage.login_mercury(LoginPage.java:20)
	at com.mercury.TestCases.LoginPage.login_mercury(LoginPage.java:20)
	at com.mercury.TestCases.LoginPage.login_mercury(LoginPage.java:20)
	at com.mercury.TestCases.LoginPage.login_mercury(LoginPage.java:20)
	at com.mercury.TestCases.LoginPage.login_mercury(LoginPage.java:20)
	at com.mercury.TestCases.LoginPage.login_mercury(LoginPage.java:20)
	at com.mercury.TestCases.LoginPage.login_mercury(LoginPage.java:20)
	at com.mercury.TestCases.LoginPage.login_mercury(LoginPage.java:20)
	at com.mercury.TestCases.LoginPage.login_mercury(LoginPage.java:20)
	at com.mercury.TestCases.LoginPage.login_mercury(LoginPage.java:20)
	at com.mercury.TestCases.LoginPage.login_mercury(LoginPage.java:20)
	at com.mercury.TestCases.LoginPage.login_mercury(LoginPage.java:20)
	at com.mercury.TestCases.LoginPage.login_mercury(LoginPage.java:20)
	at com.mercury.TestCases.LoginPage.login_mercury(LoginPage.java:20)
	at com.mercury.TestCases.LoginPage.login_mercury(LoginPage.java:20)
	at com.mercury.TestCases.LoginPage.login_mercury(LoginPage.java:20)
	at com.mercury.TestCases.LoginPage.login_mercury(LoginPage.java:20)
	at com.mercury.TestCases.LoginPage.login_mercury(LoginPage.java:20)
	at com.mercury.TestCases.LoginPage.login_mercury(LoginPage.java:20)
	at com.mercury.TestCases.LoginPage.login_mercury(LoginPage.java:20)
	at com.mercury.TestCases.LoginPage.login_mercury(LoginPage.java:20)
	at com.mercury.TestCases.LoginPage.login_mercury(LoginPage.java:20)
	at com.mercury.TestCases.LoginPage.login_mercury(LoginPage.java:20)
	at com.mercury.TestCases.LoginPage.login_mercury(LoginPage.java:20)
	at com.mercury.TestCases.LoginPage.login_mercury(LoginPage.java:20)
	at com.mercury.TestCases.LoginPage.login_mercury(LoginPage.java:20)
	at com.mercury.TestCases.LoginPage.login_mercury(LoginPage.java:20)
	at com.mercury.TestCases.LoginPage.login_mercury(LoginPage.java:20)
	at com.mercury.TestCases.LoginPage.login_mercury(LoginPage.java:20)
	at com.mercury.TestCases.LoginPage.login_mercury(LoginPage.java:20)
	at com.mercury.TestCases.LoginPage.login_mercury(LoginPage.java:20)
	at com.mercury.TestCases.LoginPage.login_mercury(LoginPage.java:20)
	at com.mercury.TestCases.LoginPage.login_mercury(LoginPage.java:20)
	at com.mercury.TestCases.LoginPage.login_mercury(LoginPage.java:20)
	at com.mercury.TestCases.LoginPage.login_mercury(LoginPage.java:20)
	at com.mercury.TestCases.LoginPage.login_mercury(LoginPage.java:20)
	at com.mercury.TestCases.LoginPage.login_mercury(LoginPage.java:20)
	at com.mercury.TestCases.LoginPage.login_mercury(LoginPage.java:20)
	at com.mercury.TestCases.LoginPage.login_mercury(LoginPage.java:20)
	at com.mercury.TestCases.LoginPage.login_mercury(LoginPage.java:20)
	at com.mercury.TestCases.LoginPage.login_mercury(LoginPage.java:20)
	at com.mercury.TestCases.LoginPage.login_mercury(LoginPage.java:20)
	at com.mercury.TestCases.LoginPage.login_mercury(LoginPage.java:20)
	at com.mercury.TestCases.LoginPage.login_mercury(LoginPage.java:20)
]]>
    </error>
  </testcase> <!-- login_mercury -->
</testsuite> <!-- com.mercury.TestCases.LoginPage -->
